<?xml version="1.0" encoding="UTF-8"?>
<!-- Generated by org.testng.reporters.JUnitReportReporter -->
<testsuite skipped="0" hostname="DESKTOP-4QATBP9" name="opengoogle.Paralleltesting" tests="2" failures="0" timestamp="21 May 2018 00:47:28 GMT" time="21.317" errors="0">
  <testcase name="executeSessionTwo" time="13.144" classname="opengoogle.Paralleltesting"/>
  <testcase name="executSessionOne" time="8.173" classname="opengoogle.Paralleltesting"/>
</testsuite> <!-- opengoogle.Paralleltesting -->
